*** Using Compiler 'V5.06 update 7 (build 960)', folder: 'C:\Keil_v5\ARM\ARMCC\Bin'
Rebuild target 'STD_Proj'
compiling audio_record.c...
assembling startup_stm32f10x_hd.s...
compiling audio_player.c...
compiling stm32f10x_it.c...
compiling core_cm3.c...
compiling system_stm32f10x.c...
compiling main.c...
compiling gpio.c...
compiling exti.c...
compiling delay.c...
compiling usart.c...
compiling board_audio.c...
compiling sdcard_stub.c...
compiling diskio.c...
compiling pff.c...
compiling stm32f10x_dac.c...
compiling minimp3_adapter.c...
compiling misc.c...
compiling stm32f10x_bkp.c...
compiling stm32f10x_crc.c...
compiling stm32f10x_adc.c...
compiling stm32f10x_cec.c...
compiling stm32f10x_can.c...
compiling stm32f10x_dbgmcu.c...
compiling stm32f10x_dma.c...
compiling stm32f10x_exti.c...
compiling stm32f10x_iwdg.c...
compiling stm32f10x_i2c.c...
compiling stm32f10x_gpio.c...
compiling stm32f10x_pwr.c...
compiling stm32f10x_fsmc.c...
compiling stm32f10x_rtc.c...
compiling stm32f10x_flash.c...
compiling stm32f10x_rcc.c...
compiling stm32f10x_sdio.c...
compiling stm32f10x_spi.c...
compiling stm32f10x_tim.c...
compiling stm32f10x_wwdg.c...
compiling stm32f10x_usart.c...
linking...
Program Size: Code=29322 RO-data=9230 RW-data=100 ZI-data=33388  
FromELF: creating hex file...
".\Objects\STD_Proj.axf" - 0 Error(s), 0 Warning(s).
Build Time Elapsed:  00:00:04
