*** Using Compiler 'V5.06 update 7 (build 960)', folder: 'C:\Keil_v5\ARM\ARMCC\Bin'
Rebuild target 'STD_Proj'
Note: source file '..\AUDIO\helix\mp3dec.c' - object file renamed from '.\Objects\helix_mp3dec.o' to '.\Objects\helix_mp3dec.o'.Note: source file '..\AUDIO\helix\mp3tabs.c' - object file renamed from '.\Objects\helix_mp3tabs.o' to '.\Objects\helix_mp3tabs.o'.Note: source file '..\AUDIO\helix\real\bitstream.c' - object file renamed from '.\Objects\helix_bitstream.o' to '.\Objects\helix_bitstream.o'.Note: source file '..\AUDIO\helix\real\buffers.c' - object file renamed from '.\Objects\helix_buffers.o' to '.\Objects\helix_buffers.o'.Note: source file '..\AUDIO\helix\real\dct32.c' - object file renamed from '.\Objects\helix_dct32.o' to '.\Objects\helix_dct32.o'.Note: source file '..\AUDIO\helix\real\dequant.c' - object file renamed from '.\Objects\helix_dequant.o' to '.\Objects\helix_dequant.o'.Note: source file '..\AUDIO\helix\real\dqchan.c' - object file renamed from '.\Objects\helix_dqchan.o' to '.\Objects\helix_dqchan.o'.Note: source file '..\AUDIO\helix\real\huffman.c' - object file renamed from '.\Objects\helix_huffman.o' to '.\Objects\helix_huffman.o'.Note: source file '..\AUDIO\helix\real\hufftabs.c' - object file renamed from '.\Objects\helix_hufftabs.o' to '.\Objects\helix_hufftabs.o'.Note: source file '..\AUDIO\helix\real\imdct.c' - object file renamed from '.\Objects\helix_imdct.o' to '.\Objects\helix_imdct.o'.Note: source file '..\AUDIO\helix\real\polyphase.c' - object file renamed from '.\Objects\helix_polyphase.o' to '.\Objects\helix_polyphase.o'.Note: source file '..\AUDIO\helix\real\scalfact.c' - object file renamed from '.\Objects\helix_scalfact.o' to '.\Objects\helix_scalfact.o'.Note: source file '..\AUDIO\helix\real\stproc.c' - object file renamed from '.\Objects\helix_stproc.o' to '.\Objects\helix_stproc.o'.Note: source file '..\AUDIO\helix\real\subband.c' - object file renamed from '.\Objects\helix_subband.o' to '.\Objects\helix_subband.o'.Note: source file '..\AUDIO\helix\real\trigtabs.c' - object file renamed from '.\Objects\helix_trigtabs.o' to '.\Objects\helix_trigtabs.o'.compiling audio_record.c...
assembling startup_stm32f10x_hd.s...
compiling core_cm3.c...
compiling stm32f10x_it.c...
compiling main.c...
compiling usart.c...
compiling exti.c...
compiling gpio.c...
compiling system_stm32f10x.c...
compiling delay.c...
compiling audio_player.c...
compiling sdcard_stub.c...
compiling diskio.c...
compiling helix_mp3tabs.c...
compiling helix_bitstream.c...
compiling pff.c...
compiling board_audio.c...
compiling helix_buffers.c...
compiling helix_mp3dec.c...
..\AUDIO\helix\mp3dec.c(172): warning:  #111-D: statement is unreachable
  	return -1;
..\AUDIO\helix\mp3dec.c: 1 warning, 0 errors
compiling helix_dequant.c...
compiling helix_dct32.c...
compiling helix_dqchan.c...
..\AUDIO\helix\real\dqchan.c(248): warning:  #550-D: variable "cbStartL"  was set but never used
  	int cbStartL, cbEndL, cbStartS, cbEndS;
..\AUDIO\helix\real\dqchan.c: 1 warning, 0 errors
compiling helix_hufftabs.c...
..\AUDIO\helix\real\hufftabs.c(755): warning:  #1-D: last line of file ends without a newline
  const int quadTabMaxBits[2] = {6, 4};
..\AUDIO\helix\real\hufftabs.c: 1 warning, 0 errors
compiling helix_subband.c...
..\AUDIO\helix\real\subband.c(63): warning:  #550-D: variable "hi"  was set but never used
  	HuffmanInfo *hi;
..\AUDIO\helix\real\subband.c: 1 warning, 0 errors
compiling helix_trigtabs.c...
compiling helix_huffman.c...
..\AUDIO\helix\real\huffman.c(389): warning:  #550-D: variable "sfi"  was set but never used
  	ScaleFactorInfo *sfi;
..\AUDIO\helix\real\huffman.c: 1 warning, 0 errors
compiling helix_scalfact.c...
..\AUDIO\helix\real\scalfact.c(211): warning:  #550-D: variable "iipTest"  was set but never used
  	int i, sfb, sfcIdx, btIdx, nrIdx, iipTest;
..\AUDIO\helix\real\scalfact.c: 1 warning, 0 errors
compiling helix_stproc.c...
compiling helix_imdct.c...
compiling misc.c...
compiling helix_polyphase.c...
compiling stm32f10x_adc.c...
compiling stm32f10x_bkp.c...
compiling stm32f10x_dbgmcu.c...
compiling stm32f10x_dac.c...
compiling stm32f10x_cec.c...
compiling stm32f10x_crc.c...
compiling stm32f10x_can.c...
compiling stm32f10x_dma.c...
compiling stm32f10x_exti.c...
compiling stm32f10x_flash.c...
compiling stm32f10x_gpio.c...
compiling stm32f10x_fsmc.c...
compiling stm32f10x_i2c.c...
compiling stm32f10x_pwr.c...
compiling stm32f10x_iwdg.c...
compiling stm32f10x_rtc.c...
compiling stm32f10x_spi.c...
compiling stm32f10x_rcc.c...
compiling stm32f10x_sdio.c...
compiling stm32f10x_tim.c...
compiling stm32f10x_wwdg.c...
compiling stm32f10x_usart.c...
linking...
Program Size: Code=8192 RO-data=1120 RW-data=60 ZI-data=33348  
FromELF: creating hex file...
".\Objects\STD_Proj.axf" - 0 Error(s), 6 Warning(s).
Build Time Elapsed:  00:00:05
