*** Using Compiler 'V5.06 update 7 (build 960)', folder: 'C:\Keil_v5\ARM\ARMCC\Bin'
Rebuild target 'STD_Record'
assembling startup_stm32f10x_hd.s...
compiling record_audio_record.c...
compiling core_cm3.c...
compiling gpio.c...
compiling record_main.c...
compiling stm32f10x_it.c...
compiling usart.c...
compiling system_stm32f10x.c...
compiling delay.c...
compiling exti.c...
compiling record_board_audio.c...
compiling misc.c...
compiling stm32f10x_adc.c...
compiling stm32f10x_dbgmcu.c...
compiling stm32f10x_crc.c...
compiling stm32f10x_cec.c...
compiling stm32f10x_dac.c...
compiling stm32f10x_exti.c...
compiling stm32f10x_bkp.c...
compiling stm32f10x_dma.c...
compiling stm32f10x_fsmc.c...
compiling stm32f10x_can.c...
compiling stm32f10x_flash.c...
compiling stm32f10x_gpio.c...
compiling stm32f10x_i2c.c...
compiling stm32f10x_iwdg.c...
compiling stm32f10x_pwr.c...
compiling stm32f10x_rtc.c...
compiling stm32f10x_wwdg.c...
compiling stm32f10x_spi.c...
compiling stm32f10x_sdio.c...
compiling stm32f10x_rcc.c...
compiling stm32f10x_usart.c...
compiling stm32f10x_tim.c...
linking...
Program Size: Code=9768 RO-data=1828 RW-data=68 ZI-data=37708  
FromELF: creating hex file...
".\Objects_Record\STD_Record.axf" - 0 Error(s), 0 Warning(s).
Build Time Elapsed:  00:00:03
